{
  "RSpec": {
    "coverage": {
      "/Users/abchung/Desktop/Ruby/palindrome_number/spec/palindrome_spec.rb": {
        "lines": [
          1,
          null,
          1,
          1,
          1,
          null,
          null,
          1,
          1,
          null,
          null,
          1,
          1,
          null,
          null,
          1,
          1,
          null,
          null,
          1,
          1,
          null,
          null,
          1,
          1,
          null,
          null,
          1,
          1,
          null,
          null,
          1,
          1,
          null,
          null,
          1,
          1,
          null,
          null,
          1,
          1,
          null,
          null,
          1,
          1,
          null,
          null
        ]
      },
      "/Users/abchung/Desktop/Ruby/palindrome_number/palindrome.rb": {
        "lines": [
          1,
          12,
          12,
          3,
          null,
          9,
          null,
          12,
          null,
          null,
          null,
          1,
          5,
          5,
          null,
          null,
          1,
          5,
          5,
          5,
          1,
          null,
          4,
          null,
          5,
          null,
          null,
          null,
          1,
          5,
          5,
          null,
          5,
          3,
          null,
          2,
          null,
          null,
          5,
          null,
          null,
          1,
          3,
          3,
          3,
          3,
          null,
          null
        ]
      }
    },
    "timestamp": 1659818959
  }
}
