{
  "RSpec": {
    "coverage": {
      "/Users/abchung/Desktop/Ruby/roman_to_integer/spec/roman_to_integer_spec.rb": {
        "lines": [
          1,
          null,
          1,
          1,
          1,
          null,
          null,
          1,
          1,
          null,
          null,
          1,
          1,
          null,
          null,
          1,
          1,
          null,
          null,
          1,
          1,
          null,
          null,
          1,
          1,
          null,
          null,
          1,
          1,
          null,
          null,
          1,
          1,
          null,
          null,
          1,
          1,
          null,
          null,
          1,
          1,
          null,
          null
        ]
      },
      "/Users/abchung/Desktop/Ruby/roman_to_integer/roman_to_integer.rb": {
        "lines": [
          1,
          null,
          null,
          null,
          null,
          null,
          null,
          null,
          null,
          null,
          1,
          null,
          3,
          3,
          3,
          3,
          3,
          3,
          8,
          8,
          8,
          8,
          null,
          8,
          4,
          null,
          4,
          null,
          8,
          null,
          3,
          null
        ]
      }
    },
    "timestamp": 1660297955
  }
}
